# JRE version: OpenJDK Runtime Environment Temurin-17.0.2+8 (17.0.2+8) (build 17.0.2+8)
# Java VM: OpenJDK 64-Bit Server VM Temurin-17.0.2+8 (17.0.2+8, mixed mode, emulated-client, tiered, compressed oops, compressed class ptrs, g1 gc, windows-amd64)
GC Precious Log:
 CPUs: 2 total, 2 available
 Memory: 3062M
 Large Page Support: Disabled
 NUMA Support: Disabled
 Compressed Oops: Enabled (32-bit)
 Heap Region Size: 1M
 Heap Min Capacity: 8M
 Heap Initial Capacity: 48M
 Heap Max Capacity: 766M
 Pre-touch: Disabled
 Parallel Workers: 2
 Concurrent Workers: 1
 Concurrent Refinement Workers: 2
 Periodic GC: Disabled
Heap:
 garbage-first heap   total 37888K, used 25334K [0x00000000d0200000, 0x0000000100000000)
  region size 1024K, 18 young (18432K), 3 survivors (3072K)
 Metaspace       used 27169K, committed 27520K, reserved 1081344K
  class space    used 3239K, committed 3392K, reserved 1048576K
GC Heap History (13 events):
Event: 5.202 GC heap before
{Heap before GC invocations=0 (full 0):
 garbage-first heap   total 49152K, used 6144K [0x00000000d0200000, 0x0000000100000000)
  region size 1024K, 6 young (6144K), 0 survivors (0K)
 Metaspace       used 8058K, committed 8192K, reserved 1056768K
  class space    used 743K, committed 832K, reserved 1048576K
}
Event: 5.211 GC heap after
{Heap after GC invocations=1 (full 0):
 garbage-first heap   total 49152K, used 5048K [0x00000000d0200000, 0x0000000100000000)
  region size 1024K, 1 young (1024K), 1 survivors (1024K)
 Metaspace       used 8058K, committed 8192K, reserved 1056768K
  class space    used 743K, committed 832K, reserved 1048576K
}
Event: 6.516 GC heap before
{Heap before GC invocations=1 (full 0):
 garbage-first heap   total 49152K, used 7096K [0x00000000d0200000, 0x0000000100000000)
  region size 1024K, 3 young (3072K), 1 survivors (1024K)
 Metaspace       used 10432K, committed 10624K, reserved 1064960K
  class space    used 1023K, committed 1088K, reserved 1048576K
}
Event: 6.523 GC heap after
{Heap after GC invocations=2 (full 0):
 garbage-first heap   total 49152K, used 5709K [0x00000000d0200000, 0x0000000100000000)
  region size 1024K, 1 young (1024K), 1 survivors (1024K)
 Metaspace       used 10432K, committed 10624K, reserved 1064960K
  class space    used 1023K, committed 1088K, reserved 1048576K
}
Event: 8.359 GC heap before
{Heap before GC invocations=2 (full 0):
 garbage-first heap   total 49152K, used 11853K [0x00000000d0200000, 0x0000000100000000)
  region size 1024K, 8 young (8192K), 1 survivors (1024K)
 Metaspace       used 14562K, committed 14784K, reserved 1064960K
  class space    used 1522K, committed 1664K, reserved 1048576K
}
Event: 8.376 GC heap after
{Heap after GC invocations=3 (full 0):
 garbage-first heap   total 49152K, used 7217K [0x00000000d0200000, 0x0000000100000000)
  region size 1024K, 1 young (1024K), 1 survivors (1024K)
 Metaspace       used 14562K, committed 14784K, reserved 1064960K
  class space    used 1522K, committed 1664K, reserved 1048576K
}
Event: 10.844 GC heap before
{Heap before GC invocations=3 (full 0):
 garbage-first heap   total 49152K, used 24625K [0x00000000d0200000, 0x0000000100000000)
  region size 1024K, 19 young (19456K), 1 survivors (1024K)
 Metaspace       used 18521K, committed 18752K, reserved 1073152K
  class space    used 2069K, committed 2176K, reserved 1048576K
}
Event: 10.854 GC heap after
{Heap after GC invocations=4 (full 0):
 garbage-first heap   total 49152K, used 8424K [0x00000000d0200000, 0x0000000100000000)
  region size 1024K, 3 young (3072K), 3 survivors (3072K)
 Metaspace       used 18521K, committed 18752K, reserved 1073152K
  class space    used 2069K, committed 2176K, reserved 1048576K
}
Event: 12.134 GC heap before
{Heap before GC invocations=4 (full 0):
 garbage-first heap   total 49152K, used 19688K [0x00000000d0200000, 0x0000000100000000)
  region size 1024K, 15 young (15360K), 3 survivors (3072K)
 Metaspace       used 21247K, committed 21504K, reserved 1073152K
  class space    used 2463K, committed 2624K, reserved 1048576K
}
Event: 12.148 GC heap after
{Heap after GC invocations=5 (full 0):
 garbage-first heap   total 49152K, used 9263K [0x00000000d0200000, 0x0000000100000000)
  region size 1024K, 2 young (2048K), 2 survivors (2048K)
 Metaspace       used 21247K, committed 21504K, reserved 1073152K
  class space    used 2463K, committed 2624K, reserved 1048576K
}
Event: 14.105 GC heap before
{Heap before GC invocations=6 (full 0):
 garbage-first heap   total 37888K, used 27695K [0x00000000d0200000, 0x0000000100000000)
  region size 1024K, 22 young (22528K), 2 survivors (2048K)
 Metaspace       used 25805K, committed 26048K, reserved 1073152K
  class space    used 3062K, committed 3200K, reserved 1048576K
}
Event: 14.120 GC heap after
{Heap after GC invocations=7 (full 0):
 garbage-first heap   total 37888K, used 9974K [0x00000000d0200000, 0x0000000100000000)
  region size 1024K, 2 young (2048K), 2 survivors (2048K)
 Metaspace       used 25805K, committed 26048K, reserved 1073152K
  class space    used 3062K, committed 3200K, reserved 1048576K
}
Event: 17.053 GC heap before
{Heap before GC invocations=7 (full 0):
 garbage-first heap   total 37888K, used 24310K [0x00000000d0200000, 0x0000000100000000)
  region size 1024K, 17 young (17408K), 2 survivors (2048K)
 Metaspace       used 27169K, committed 27520K, reserved 1081344K
  class space    used 3239K, committed 3392K, reserved 1048576K
}

